<?xml version="1.0" encoding="UTF-8" ?>
<testsuite errors="0" failures="0" hostname="ubuntu" name="test.CExprTest" skipped="0" tests="52" time="0.572" timestamp="2020-03-02T21:06:07">
  <properties>
[...]
</properties>
  <testcase classname="test.CExprTest" name="testProcessCodeTest5String" time="0.336" />
  <testcase classname="test.CExprTest" name="testProcessCodeOverflow1a" time="0.007" />
  <testcase classname="test.CExprTest" name="testProcessCodeOverflow1b" time="0.005" />
  <testcase classname="test.CExprTest" name="testProcessCodeOverflow2a" time="0.008" />
  <testcase classname="test.CExprTest" name="testProcessCodeOverflow2b" time="0.002" />
  <testcase classname="test.CExprTest" name="testProcessCodeWhatisx1String" time="0.007" />
  <testcase classname="test.CExprTest" name="testProcessCodeTrunc2String" time="0.002" />
  <testcase classname="test.CExprTest" name="testProcessCodeOverflow2aString" time="0.002" />
  <testcase classname="test.CExprTest" name="testProcessCodeSignString" time="0.009" />
  <testcase classname="test.CExprTest" name="testProcessCodeTest1String" time="0.01" />
  <testcase classname="test.CExprTest" name="testProcessCodeItest1String" time="0.001" />
  <testcase classname="test.CExprTest" name="testProcessCodeTest6String" time="0.01" />
  <testcase classname="test.CExprTest" name="testProcessCodeWhatisx2String" time="0.003" />
  <testcase classname="test.CExprTest" name="testProcessCodeOverflow2bString" time="0.004" />
  <testcase classname="test.CExprTest" name="testProcessCodeTest10String" time="0.008" />
  <testcase classname="test.CExprTest" name="testProcessCodeTest2String" time="0.002" />
  <testcase classname="test.CExprTest" name="testProcessCodeItest2String" time="0.001" />
  <testcase classname="test.CExprTest" name="testProcessCodeTest7String" time="0.003" />
  <testcase classname="test.CExprTest" name="testProcessCodeWhatisx3String" time="0.005" />
  <testcase classname="test.CExprTest" name="testProcessCodeItest1" time="0.001" />
  <testcase classname="test.CExprTest" name="testProcessCodeItest2" time="0.001" />
  <testcase classname="test.CExprTest" name="testProcessCodeItest3" time="0.002" />
  <testcase classname="test.CExprTest" name="testProcessCodeChar" time="0.006" />
  <testcase classname="test.CExprTest" name="testProcessCodeSign" time="0.002" />
  <testcase classname="test.CExprTest" name="testProcessCodeTest10" time="0.008" />
  <testcase classname="test.CExprTest" name="testProcessCodeTrunc1" time="0.001" />
  <testcase classname="test.CExprTest" name="testProcessCodeTrunc2" time="0.001" />
  <testcase classname="test.CExprTest" name="testProcessCodeTest3String" time="0.001" />
  <testcase classname="test.CExprTest" name="testProcessCodeItest3String" time="0.003" />
  <testcase classname="test.CExprTest" name="testProcessCodeTest8String" time="0.001" />
  <testcase classname="test.CExprTest" name="testProcessCodeOverflow1aString" time="0.001" />
  <testcase classname="test.CExprTest" name="testProcessCodeWhatisx4String" time="0.0" />
  <testcase classname="test.CExprTest" name="testProcessCodeWhatisx1" time="0.006" />
  <testcase classname="test.CExprTest" name="testProcessCodeWhatisx2" time="0.001" />
  <testcase classname="test.CExprTest" name="testProcessCodeWhatisx3" time="0.0" />
  <testcase classname="test.CExprTest" name="testProcessCodeWhatisx4" time="0.001" />
  <testcase classname="test.CExprTest" name="testProcessCodeWhatisx5" time="0.007" />
  <testcase classname="test.CExprTest" name="testProcessCodeCharString" time="0.004" />
  <testcase classname="test.CExprTest" name="testProcessCodeTest4String" time="0.001" />
  <testcase classname="test.CExprTest" name="testProcessCodeTrunc1String" time="0.005" />
  <testcase classname="test.CExprTest" name="testProcessCodeTest9String" time="0.002" />
  <testcase classname="test.CExprTest" name="testProcessCodeOverflow1bString" time="0.001" />
  <testcase classname="test.CExprTest" name="testProcessCodeTest1" time="0.002" />
  <testcase classname="test.CExprTest" name="testProcessCodeTest2" time="0.001" />
  <testcase classname="test.CExprTest" name="testProcessCodeTest3" time="0.001" />
  <testcase classname="test.CExprTest" name="testProcessCodeTest4" time="0.012" />
  <testcase classname="test.CExprTest" name="testProcessCodeTest5" time="0.001" />
  <testcase classname="test.CExprTest" name="testProcessCodeTest6" time="0.005" />
  <testcase classname="test.CExprTest" name="testProcessCodeTest7" time="0.001" />
  <testcase classname="test.CExprTest" name="testProcessCodeTest8" time="0.006" />
  <testcase classname="test.CExprTest" name="testProcessCodeTest9" time="0.001" />
  <testcase classname="test.CExprTest" name="testProcessCodeWhatisx5String" time="0.0" />
  <system-out><![CDATA[Value = -2147483648
Value = 0
Value = 2147483647
Value = 4294967295
Value = 1
Value = 2147483647
Value = 9223372036854775807
Value = 226
Value = 65533
Value = -51
Value = -32768
Value = -1
Value = 65535
Value = 0
Value = -32766
Value = 4294967295
Value = -1
architecture~!~x86_64
equation~!~uc = uc + c
var_decl_node~!~c|signed char|-15
var_decl_node~!~uc|unsigned char|241
ast_node~!~15|0|2|[16, 17]|3| = |1|[7]
ast_node~!~17|15|2|[18, 19]|3| + |2|[5, 6]
ast_node~!~18|17|0|[]|3|uc|1|[2]
ast_node~!~19|17|0|[]|3|c|2|[3, 4]
ast_node~!~16|15|0|[]|3|uc|0|[]
traversal~!~[18,19,17,16,15]
assembly~!~2|18|%t0 = uc|0|unsigned int|[unsigned char]
assembly~!~3|19|%t1 = c|0|int|[char]
assembly~!~4|19|%t2 = %t1|2|unsigned int|[int]
assembly~!~5|17|%t3 = %t0 + %t2|-1|unsigned int|[unsigned int, unsigned int]
assembly~!~6|17|%t4 = %t3|-1|unsigned char|[unsigned int]
assembly~!~7|15|uc = %t4|-1|unsigned char|[unsigned char]
function_invocation~!~1|0|char.c`main|1
return_address~!~main|0|0
variable_access~!~2|18|2|unsigned int|%t0|241
variable_access~!~3|19|3|int|%t1|-15
variable_access~!~4|19|4|unsigned int|%t2|4294967281
variable_access~!~5|17|5|unsigned int|%t3|226
variable_access~!~6|17|6|unsigned char|%t4|226
variable_access~!~7|15|7|unsigned char|uc|226
Value = 10
Value = 65531
Value = 2147483543
Value = 2147483647
Value = 9223372034707292159
Value = 9223372034707292159
Value = -9223372034707292162
Value = 2147483650
Value = -2147483646
]]></system-out>
  <system-err><![CDATA[]]></system-err>
</testsuite>
